<?xml version="1.0" encoding="UTF-8"?>
<testsuite name="com.phonebook.tests.LoginTests" tests="2" skipped="0" failures="0" errors="0" timestamp="2024-04-09T16:53:15" hostname="DESKTOP-BT11GIK" time="3.682">
  <properties/>
  <testcase name="loginNegativeTestWithoutEmail" classname="com.phonebook.tests.LoginTests" time="1.27"/>
  <testcase name="loginPositiveTest" classname="com.phonebook.tests.LoginTests" time="1.045"/>
  <system-out><![CDATA[]]></system-out>
  <system-err><![CDATA[]]></system-err>
</testsuite>
